<?xml version="1.0" encoding="UTF-8"?>
<testsuite xmlns:xsi="http://www.w3.org/2001/XMLSchema-instance" xsi:noNamespaceSchemaLocation="https://maven.apache.org/surefire/maven-surefire-plugin/xsd/surefire-test-report-3.0.xsd" version="3.0" name="TestSuite" time="18.726" tests="37" errors="0" skipped="9" failures="5">
  <properties>
[...]
</properties>
  <testcase name="initDriver" classname="GoogleSearch.TestGoogleSearch" time="7.541">
    <failure message="Could not start a new session. Response code 500. Message: session not created: This version of ChromeDriver only supports Chrome version 106&#10;Current browser version is 111.0.5563.64 with binary path C:\Program Files\Google\Chrome\Application\chrome.exe&#10;Build info: version: &apos;4.4.0&apos;, revision: &apos;e5c75ed026a&apos;&#10;System info: host: &apos;DESKTOP-SI31G4B&apos;, ip: &apos;192.168.1.10&apos;, os.name: &apos;Windows 10&apos;, os.arch: &apos;amd64&apos;, os.version: &apos;10.0&apos;, java.version: &apos;1.8.0_312&apos;&#10;Driver info: org.openqa.selenium.chrome.ChromeDriver&#10;Command: [null, newSession {capabilities=[Capabilities {browserName: chrome, goog:chromeOptions: {args: [], extensions: []}}], desiredCapabilities=Capabilities {browserName: chrome, goog:chromeOptions: {args: [], extensions: []}}}]" type="org.openqa.selenium.SessionNotCreatedException"><![CDATA[org.openqa.selenium.SessionNotCreatedException: 
Could not start a new session. Response code 500. Message: session not created: This version of ChromeDriver only supports Chrome version 106
Current browser version is 111.0.5563.64 with binary path C:\Program Files\Google\Chrome\Application\chrome.exe
Build info: version: '4.4.0', revision: 'e5c75ed026a'
System info: host: 'DESKTOP-SI31G4B', ip: '192.168.1.10', os.name: 'Windows 10', os.arch: 'amd64', os.version: '10.0', java.version: '1.8.0_312'
Driver info: org.openqa.selenium.chrome.ChromeDriver
Command: [null, newSession {capabilities=[Capabilities {browserName: chrome, goog:chromeOptions: {args: [], extensions: []}}], desiredCapabilities=Capabilities {browserName: chrome, goog:chromeOptions: {args: [], extensions: []}}}]
	at org.openqa.selenium.remote.ProtocolHandshake.createSession(ProtocolHandshake.java:144)
	at org.openqa.selenium.remote.ProtocolHandshake.createSession(ProtocolHandshake.java:102)
	at org.openqa.selenium.remote.ProtocolHandshake.createSession(ProtocolHandshake.java:67)
	at org.openqa.selenium.remote.HttpCommandExecutor.execute(HttpCommandExecutor.java:156)
	at org.openqa.selenium.remote.service.DriverCommandExecutor.invokeExecute(DriverCommandExecutor.java:167)
	at org.openqa.selenium.remote.service.DriverCommandExecutor.execute(DriverCommandExecutor.java:142)
	at org.openqa.selenium.remote.RemoteWebDriver.execute(RemoteWebDriver.java:547)
	at org.openqa.selenium.remote.RemoteWebDriver.startSession(RemoteWebDriver.java:242)
	at org.openqa.selenium.remote.RemoteWebDriver.<init>(RemoteWebDriver.java:157)
	at org.openqa.selenium.chromium.ChromiumDriver.<init>(ChromiumDriver.java:101)
	at org.openqa.selenium.chrome.ChromeDriver.<init>(ChromeDriver.java:81)
	at org.openqa.selenium.chrome.ChromeDriver.<init>(ChromeDriver.java:49)
	at GoogleSearch.TestGoogleSearch.initDriver(TestGoogleSearch.java:21)
	at sun.reflect.NativeMethodAccessorImpl.invoke0(Native Method)
	at sun.reflect.NativeMethodAccessorImpl.invoke(NativeMethodAccessorImpl.java:62)
	at sun.reflect.DelegatingMethodAccessorImpl.invoke(DelegatingMethodAccessorImpl.java:43)
	at java.lang.reflect.Method.invoke(Method.java:498)
	at org.testng.internal.MethodInvocationHelper.invokeMethod(MethodInvocationHelper.java:124)
	at org.testng.internal.MethodInvocationHelper.invokeMethodConsideringTimeout(MethodInvocationHelper.java:59)
	at org.testng.internal.Invoker.invokeConfigurationMethod(Invoker.java:458)
	at org.testng.internal.Invoker.invokeConfigurations(Invoker.java:222)
	at org.testng.internal.Invoker.invokeConfigurations(Invoker.java:142)
	at org.testng.internal.TestMethodWorker.invokeBeforeClassMethods(TestMethodWorker.java:168)
	at org.testng.internal.TestMethodWorker.run(TestMethodWorker.java:105)
	at java.util.concurrent.ThreadPoolExecutor.runWorker(ThreadPoolExecutor.java:1149)
	at java.util.concurrent.ThreadPoolExecutor$Worker.run(ThreadPoolExecutor.java:624)
	at java.lang.Thread.run(Thread.java:748)
]]></failure>
    <system-err><![CDATA[SLF4J: Failed to load class "org.slf4j.impl.StaticLoggerBinder".
SLF4J: Defaulting to no-operation (NOP) logger implementation
SLF4J: See http://www.slf4j.org/codes.html#StaticLoggerBinder for further details.
Starting ChromeDriver 106.0.5249.61 (511755355844955cd3e264779baf0dd38212a4d0-refs/branch-heads/5249@{#569}) on port 54049
Only local connections are allowed.
Please see https://chromedriver.chromium.org/security-considerations for suSggteasrtitoinngs  Chorn okmeeepDinrgi Cvherrom e1Driv0er6 .sa0f.e5.249
.61 (511755355844955cd3e264779baf0dd38212a4d0-refs/branch-heads/5249@{#569}) on port 64135
Only local connections are allowed.
Please see https://chromedriver.chromium.org/security-considerations for suggestions on keeping ChromeDriver safe.
ChromeDriver was started successfully.
ChromeDriver was started successfully.
]]></system-err>
  </testcase>
  <testcase name="TestLoginInvalidData" classname="GoogleSearch.TestGoogleSearch" time="0">
    <skipped message="Could not start a new session. Response code 500. Message: session not created: This version of ChromeDriver only supports Chrome version 106&#10;Current browser version is 111.0.5563.64 with binary path C:\Program Files\Google\Chrome\Application\chrome.exe&#10;Build info: version: &apos;4.4.0&apos;, revision: &apos;e5c75ed026a&apos;&#10;System info: host: &apos;DESKTOP-SI31G4B&apos;, ip: &apos;192.168.1.10&apos;, os.name: &apos;Windows 10&apos;, os.arch: &apos;amd64&apos;, os.version: &apos;10.0&apos;, java.version: &apos;1.8.0_312&apos;&#10;Driver info: org.openqa.selenium.chrome.ChromeDriver&#10;Command: [null, newSession {capabilities=[Capabilities {browserName: chrome, goog:chromeOptions: {args: [], extensions: []}}], desiredCapabilities=Capabilities {browserName: chrome, goog:chromeOptions: {args: [], extensions: []}}}]"/>
  </testcase>
  <testcase name="TestLoginValidData" classname="GoogleSearch.TestGoogleSearch" time="0">
    <skipped message="Could not start a new session. Response code 500. Message: session not created: This version of ChromeDriver only supports Chrome version 106&#10;Current browser version is 111.0.5563.64 with binary path C:\Program Files\Google\Chrome\Application\chrome.exe&#10;Build info: version: &apos;4.4.0&apos;, revision: &apos;e5c75ed026a&apos;&#10;System info: host: &apos;DESKTOP-SI31G4B&apos;, ip: &apos;192.168.1.10&apos;, os.name: &apos;Windows 10&apos;, os.arch: &apos;amd64&apos;, os.version: &apos;10.0&apos;, java.version: &apos;1.8.0_312&apos;&#10;Driver info: org.openqa.selenium.chrome.ChromeDriver&#10;Command: [null, newSession {capabilities=[Capabilities {browserName: chrome, goog:chromeOptions: {args: [], extensions: []}}], desiredCapabilities=Capabilities {browserName: chrome, goog:chromeOptions: {args: [], extensions: []}}}]"/>
  </testcase>
  <testcase name="TestGoogleSearch" classname="GoogleSearch.TestGoogleSearch" time="0">
    <skipped message="Could not start a new session. Response code 500. Message: session not created: This version of ChromeDriver only supports Chrome version 106&#10;Current browser version is 111.0.5563.64 with binary path C:\Program Files\Google\Chrome\Application\chrome.exe&#10;Build info: version: &apos;4.4.0&apos;, revision: &apos;e5c75ed026a&apos;&#10;System info: host: &apos;DESKTOP-SI31G4B&apos;, ip: &apos;192.168.1.10&apos;, os.name: &apos;Windows 10&apos;, os.arch: &apos;amd64&apos;, os.version: &apos;10.0&apos;, java.version: &apos;1.8.0_312&apos;&#10;Driver info: org.openqa.selenium.chrome.ChromeDriver&#10;Command: [null, newSession {capabilities=[Capabilities {browserName: chrome, goog:chromeOptions: {args: [], extensions: []}}], desiredCapabilities=Capabilities {browserName: chrome, goog:chromeOptions: {args: [], extensions: []}}}]"/>
  </testcase>
  <testcase name="TestMakeAppointmentAtTokyo" classname="GoogleSearch.TestGoogleSearch" time="0">
    <skipped message="Method TestGoogleSearch.TestMakeAppointmentAtTokyo()[pri:2, instance:GoogleSearch.TestGoogleSearch@78e94dcf] depends on not successfully finished methods"/>
  </testcase>
  <testcase name="endTest" classname="GoogleSearch.TestGoogleSearch" time="0">
    <skipped/>
  </testcase>
  <testcase name="initDriver" classname="GoogleSearch.TestCuraApp" time="0.043">
    <failure message="Could not start a new session. Response code 500. Message: session not created: This version of ChromeDriver only supports Chrome version 106&#10;Current browser version is 111.0.5563.64 with binary path C:\Program Files\Google\Chrome\Application\chrome.exe&#10;Build info: version: &apos;4.4.0&apos;, revision: &apos;e5c75ed026a&apos;&#10;System info: host: &apos;DESKTOP-SI31G4B&apos;, ip: &apos;192.168.1.10&apos;, os.name: &apos;Windows 10&apos;, os.arch: &apos;amd64&apos;, os.version: &apos;10.0&apos;, java.version: &apos;1.8.0_312&apos;&#10;Driver info: org.openqa.selenium.chrome.ChromeDriver&#10;Command: [null, newSession {capabilities=[Capabilities {browserName: chrome, goog:chromeOptions: {args: [], extensions: []}}], desiredCapabilities=Capabilities {browserName: chrome, goog:chromeOptions: {args: [], extensions: []}}}]" type="org.openqa.selenium.SessionNotCreatedException"><![CDATA[org.openqa.selenium.SessionNotCreatedException: 
Could not start a new session. Response code 500. Message: session not created: This version of ChromeDriver only supports Chrome version 106
Current browser version is 111.0.5563.64 with binary path C:\Program Files\Google\Chrome\Application\chrome.exe
Build info: version: '4.4.0', revision: 'e5c75ed026a'
System info: host: 'DESKTOP-SI31G4B', ip: '192.168.1.10', os.name: 'Windows 10', os.arch: 'amd64', os.version: '10.0', java.version: '1.8.0_312'
Driver info: org.openqa.selenium.chrome.ChromeDriver
Command: [null, newSession {capabilities=[Capabilities {browserName: chrome, goog:chromeOptions: {args: [], extensions: []}}], desiredCapabilities=Capabilities {browserName: chrome, goog:chromeOptions: {args: [], extensions: []}}}]
	at org.openqa.selenium.remote.ProtocolHandshake.createSession(ProtocolHandshake.java:144)
	at org.openqa.selenium.remote.ProtocolHandshake.createSession(ProtocolHandshake.java:102)
	at org.openqa.selenium.remote.ProtocolHandshake.createSession(ProtocolHandshake.java:67)
	at org.openqa.selenium.remote.HttpCommandExecutor.execute(HttpCommandExecutor.java:156)
	at org.openqa.selenium.remote.service.DriverCommandExecutor.invokeExecute(DriverCommandExecutor.java:167)
	at org.openqa.selenium.remote.service.DriverCommandExecutor.execute(DriverCommandExecutor.java:142)
	at org.openqa.selenium.remote.RemoteWebDriver.execute(RemoteWebDriver.java:547)
	at org.openqa.selenium.remote.RemoteWebDriver.startSession(RemoteWebDriver.java:242)
	at org.openqa.selenium.remote.RemoteWebDriver.<init>(RemoteWebDriver.java:157)
	at org.openqa.selenium.chromium.ChromiumDriver.<init>(ChromiumDriver.java:101)
	at org.openqa.selenium.chrome.ChromeDriver.<init>(ChromeDriver.java:81)
	at org.openqa.selenium.chrome.ChromeDriver.<init>(ChromeDriver.java:49)
	at GoogleSearch.TestCuraApp.initDriver(TestCuraApp.java:24)
	at sun.reflect.NativeMethodAccessorImpl.invoke0(Native Method)
	at sun.reflect.NativeMethodAccessorImpl.invoke(NativeMethodAccessorImpl.java:62)
	at sun.reflect.DelegatingMethodAccessorImpl.invoke(DelegatingMethodAccessorImpl.java:43)
	at java.lang.reflect.Method.invoke(Method.java:498)
	at org.testng.internal.MethodInvocationHelper.invokeMethod(MethodInvocationHelper.java:124)
	at org.testng.internal.MethodInvocationHelper.invokeMethodConsideringTimeout(MethodInvocationHelper.java:59)
	at org.testng.internal.Invoker.invokeConfigurationMethod(Invoker.java:458)
	at org.testng.internal.Invoker.invokeConfigurations(Invoker.java:222)
	at org.testng.internal.Invoker.invokeConfigurations(Invoker.java:142)
	at org.testng.internal.TestMethodWorker.invokeBeforeClassMethods(TestMethodWorker.java:168)
	at org.testng.internal.TestMethodWorker.run(TestMethodWorker.java:105)
	at java.util.concurrent.ThreadPoolExecutor.runWorker(ThreadPoolExecutor.java:1149)
	at java.util.concurrent.ThreadPoolExecutor$Worker.run(ThreadPoolExecutor.java:624)
	at java.lang.Thread.run(Thread.java:748)
]]></failure>
  </testcase>
  <testcase name="TestBookAppointmentAtTokyoAndMedicare" classname="GoogleSearch.TestCuraApp" time="0">
    <skipped message="Could not start a new session. Response code 500. Message: session not created: This version of ChromeDriver only supports Chrome version 106&#10;Current browser version is 111.0.5563.64 with binary path C:\Program Files\Google\Chrome\Application\chrome.exe&#10;Build info: version: &apos;4.4.0&apos;, revision: &apos;e5c75ed026a&apos;&#10;System info: host: &apos;DESKTOP-SI31G4B&apos;, ip: &apos;192.168.1.10&apos;, os.name: &apos;Windows 10&apos;, os.arch: &apos;amd64&apos;, os.version: &apos;10.0&apos;, java.version: &apos;1.8.0_312&apos;&#10;Driver info: org.openqa.selenium.chrome.ChromeDriver&#10;Command: [null, newSession {capabilities=[Capabilities {browserName: chrome, goog:chromeOptions: {args: [], extensions: []}}], desiredCapabilities=Capabilities {browserName: chrome, goog:chromeOptions: {args: [], extensions: []}}}]"/>
  </testcase>
  <testcase name="DDTTestCase" classname="GoogleSearch.TestCuraApp" time="0">
    <skipped message="Could not start a new session. Response code 500. Message: session not created: This version of ChromeDriver only supports Chrome version 106&#10;Current browser version is 111.0.5563.64 with binary path C:\Program Files\Google\Chrome\Application\chrome.exe&#10;Build info: version: &apos;4.4.0&apos;, revision: &apos;e5c75ed026a&apos;&#10;System info: host: &apos;DESKTOP-SI31G4B&apos;, ip: &apos;192.168.1.10&apos;, os.name: &apos;Windows 10&apos;, os.arch: &apos;amd64&apos;, os.version: &apos;10.0&apos;, java.version: &apos;1.8.0_312&apos;&#10;Driver info: org.openqa.selenium.chrome.ChromeDriver&#10;Command: [null, newSession {capabilities=[Capabilities {browserName: chrome, goog:chromeOptions: {args: [], extensions: []}}], desiredCapabilities=Capabilities {browserName: chrome, goog:chromeOptions: {args: [], extensions: []}}}]"/>
  </testcase>
  <testcase name="DDTTestCase" classname="GoogleSearch.TestCuraApp" time="0">
    <skipped message="Could not start a new session. Response code 500. Message: session not created: This version of ChromeDriver only supports Chrome version 106&#10;Current browser version is 111.0.5563.64 with binary path C:\Program Files\Google\Chrome\Application\chrome.exe&#10;Build info: version: &apos;4.4.0&apos;, revision: &apos;e5c75ed026a&apos;&#10;System info: host: &apos;DESKTOP-SI31G4B&apos;, ip: &apos;192.168.1.10&apos;, os.name: &apos;Windows 10&apos;, os.arch: &apos;amd64&apos;, os.version: &apos;10.0&apos;, java.version: &apos;1.8.0_312&apos;&#10;Driver info: org.openqa.selenium.chrome.ChromeDriver&#10;Command: [null, newSession {capabilities=[Capabilities {browserName: chrome, goog:chromeOptions: {args: [], extensions: []}}], desiredCapabilities=Capabilities {browserName: chrome, goog:chromeOptions: {args: [], extensions: []}}}]"/>
  </testcase>
  <testcase name="DDTTestCase" classname="GoogleSearch.TestCuraApp" time="0">
    <skipped message="Could not start a new session. Response code 500. Message: session not created: This version of ChromeDriver only supports Chrome version 106&#10;Current browser version is 111.0.5563.64 with binary path C:\Program Files\Google\Chrome\Application\chrome.exe&#10;Build info: version: &apos;4.4.0&apos;, revision: &apos;e5c75ed026a&apos;&#10;System info: host: &apos;DESKTOP-SI31G4B&apos;, ip: &apos;192.168.1.10&apos;, os.name: &apos;Windows 10&apos;, os.arch: &apos;amd64&apos;, os.version: &apos;10.0&apos;, java.version: &apos;1.8.0_312&apos;&#10;Driver info: org.openqa.selenium.chrome.ChromeDriver&#10;Command: [null, newSession {capabilities=[Capabilities {browserName: chrome, goog:chromeOptions: {args: [], extensions: []}}], desiredCapabilities=Capabilities {browserName: chrome, goog:chromeOptions: {args: [], extensions: []}}}]"/>
  </testcase>
  <testcase name="testGetActivities" classname="TestAPIs" time="2.193">
    <system-out><![CDATA[{
    "id": 1,
    "title": "Activity 1",
    "dueDate": "2023-03-11T17:30:40.2649304+00:00",
    "completed": false
}
]]></system-out>
  </testcase>
  <testcase name="testLogin" classname="TestAPIs" time="0.779">
    <system-out><![CDATA[{
    "token": "QpwL5tke4Pnpja7X4"
}
Date=Sat, 11 Mar 2023 16:30:42 GMT
Content-Type=application/json; charset=utf-8
Content-Length=29
Connection=keep-alive
X-Powered-By=Express
Access-Control-Allow-Origin=*
Etag=W/"1d-lGCrvD6B7Qzk11+2C98+nGhhuec"
Via=1.1 vegur
CF-Cache-Status=DYNAMIC
Report-To={"endpoints":[{"url":"https:\/\/a.nel.cloudflare.com\/report\/v3?s=KlGJyrY8%2Fh7ryoNnNcDCYTh1MFY5dqF4tObYptogRcezMdRsd3ecA4u3CBtPMe6sqPXg4v4kttELndEq%2FwapwRVhtwp%2Fr%2B299pdTXwljAtRYIB2OPnxCRaunbg%3D%3D"}],"group":"cf-nel","max_age":604800}
NEL={"success_fraction":0,"report_to":"cf-nel","max_age":604800}
Server=cloudflare
CF-RAY=7a652ef929280da5-MRS
]]></system-out>
  </testcase>
  <testcase name="testCreateUser" classname="TestAPIs" time="0.309">
    <system-out><![CDATA[394
{
    "name": "morpheus",
    "job": "leader",
    "id": "394",
    "createdAt": "2023-03-11T16:30:40.270Z"
}
]]></system-out>
  </testcase>
  <testcase name="testGetUsersList" classname="TestAPIs" time="0.038"/>
  <testcase name="TestResourcesDataBasic" classname="serialization.TestResources" time="0.97">
    <system-out><![CDATA[{
    "page": 2,
    "per_page": 6,
    "total": 12,
    "total_pages": 2,
    "data": [
        {
            "id": 7,
            "email": "michael.lawson@reqres.in",
            "first_name": "Michael",
            "last_name": "Lawson",
            "avatar": "https://reqres.in/img/faces/7-image.jpg"
        },
        {
            "id": 8,
            "email": "lindsay.ferguson@reqres.in",
            "first_name": "Lindsay",
            "last_name": "Ferguson",
            "avatar": "https://reqres.in/img/faces/8-image.jpg"
        },
        {
            "id": 9,
            "email": "tobias.funke@reqres.in",
            "first_name": "Tobias",
            "last_name": "Funke",
            "avatar": "https://reqres.in/img/faces/9-image.jpg"
        },
        {
            "id": 10,
            "email": "byron.fields@reqres.in",
            "first_name": "Byron",
            "last_name": "Fields",
            "avatar": "https://reqres.in/img/faces/10-image.jpg"
        },
        {
            "id": 11,
            "email": "george.edwards@reqres.in",
            "first_name": "George",
            "last_name": "Edwards",
            "avatar": "https://reqres.in/img/faces/11-image.jpg"
        },
        {
            "id": 12,
            "email": "rachel.howell@reqres.in",
            "first_name": "Rachel",
            "last_name": "Howell",
            "avatar": "https://reqres.in/img/faces/12-image.jpg"
        }
    ],
    "support": {
        "url": "https://reqres.in/#support-heading",
        "text": "To keep ReqRes free, contributions towards server costs are appreciated!"
    }
}
]]></system-out>
  </testcase>
  <testcase name="TestResourcesDataIDAndYear" classname="serialization.TestResources" time="0"/>
  <testcase name="testResourcesColor" classname="serialization.TestResources" time="0.001"/>
  <testcase name="testAPIWithParam" classname="TestAPIS2" time="0.244">
    <system-out><![CDATA[{
    "id": 1,
    "title": "Activity 1",
    "dueDate": "2023-03-11T17:30:42.9176223+00:00",
    "completed": false
}
]]></system-out>
  </testcase>
  <testcase name="testCreateUser" classname="TestAPIS2" time="0.227">
    <system-out><![CDATA[{
    "name": "morpheus",
    "job": "leader",
    "id": "242",
    "createdAt": "2023-03-11T16:30:43.125Z"
}
]]></system-out>
  </testcase>
  <testcase name="testGetUsesList" classname="TestAPIS2" time="0.16">
    <system-out><![CDATA[{
    "page": 2,
    "per_page": 6,
    "total": 12,
    "total_pages": 2,
    "data": [
        {
            "id": 7,
            "email": "michael.lawson@reqres.in",
            "first_name": "Michael",
            "last_name": "Lawson",
            "avatar": "https://reqres.in/img/faces/7-image.jpg"
        },
        {
            "id": 8,
            "email": "lindsay.ferguson@reqres.in",
            "first_name": "Lindsay",
            "last_name": "Ferguson",
            "avatar": "https://reqres.in/img/faces/8-image.jpg"
        },
        {
            "id": 9,
            "email": "tobias.funke@reqres.in",
            "first_name": "Tobias",
            "last_name": "Funke",
            "avatar": "https://reqres.in/img/faces/9-image.jpg"
        },
        {
            "id": 10,
            "email": "byron.fields@reqres.in",
            "first_name": "Byron",
            "last_name": "Fields",
            "avatar": "https://reqres.in/img/faces/10-image.jpg"
        },
        {
            "id": 11,
            "email": "george.edwards@reqres.in",
            "first_name": "George",
            "last_name": "Edwards",
            "avatar": "https://reqres.in/img/faces/11-image.jpg"
        },
        {
            "id": 12,
            "email": "rachel.howell@reqres.in",
            "first_name": "Rachel",
            "last_name": "Howell",
            "avatar": "https://reqres.in/img/faces/12-image.jpg"
        }
    ],
    "support": {
        "url": "https://reqres.in/#support-heading",
        "text": "To keep ReqRes free, contributions towards server costs are appreciated!"
    }
}
]]></system-out>
  </testcase>
  <testcase name="testSendFile" classname="TestAPIS2" time="0">
    <failure message="C:\Users\MK SOLUTION\IdeaProjects\seleniumnewproject\resources\request1.json (The system cannot find the file specified)" type="java.io.FileNotFoundException"><![CDATA[java.io.FileNotFoundException: C:\Users\MK SOLUTION\IdeaProjects\seleniumnewproject\resources\request1.json (The system cannot find the file specified)
	at java.io.FileInputStream.open0(Native Method)
	at java.io.FileInputStream.open(FileInputStream.java:195)
	at java.io.FileInputStream.<init>(FileInputStream.java:138)
	at org.codehaus.groovy.runtime.ResourceGroovyMethods.newReader(ResourceGroovyMethods.java:1797)
	at org.codehaus.groovy.runtime.ResourceGroovyMethods.getText(ResourceGroovyMethods.java:579)
	at org.codehaus.groovy.runtime.dgm$1070.invoke(Unknown Source)
	at org.codehaus.groovy.runtime.callsite.PojoMetaMethodSite$PojoMetaMethodSiteNoUnwrapNoCoerce.invoke(PojoMetaMethodSite.java:247)
	at org.codehaus.groovy.runtime.callsite.PojoMetaMethodSite.call(PojoMetaMethodSite.java:56)
	at org.codehaus.groovy.runtime.callsite.CallSiteArray.defaultCall(CallSiteArray.java:47)
	at org.codehaus.groovy.runtime.callsite.AbstractCallSite.call(AbstractCallSite.java:125)
	at org.codehaus.groovy.runtime.callsite.AbstractCallSite.call(AbstractCallSite.java:139)
	at io.restassured.internal.support.FileReader.readToString(FileReader.groovy:23)
	at io.restassured.internal.http.EncoderRegistry.toString(EncoderRegistry.java:461)
	at io.restassured.internal.http.EncoderRegistry.encodeJSON(EncoderRegistry.java:287)
	at sun.reflect.NativeMethodAccessorImpl.invoke0(Native Method)
	at sun.reflect.NativeMethodAccessorImpl.invoke(NativeMethodAccessorImpl.java:62)
	at sun.reflect.DelegatingMethodAccessorImpl.invoke(DelegatingMethodAccessorImpl.java:43)
	at java.lang.reflect.Method.invoke(Method.java:498)
	at org.codehaus.groovy.reflection.CachedMethod.invoke(CachedMethod.java:107)
	at groovy.lang.MetaMethod.doMethodInvoke(MetaMethod.java:323)
	at groovy.lang.MetaClassImpl.invokeMethod(MetaClassImpl.java:1268)
	at groovy.lang.MetaClassImpl.invokeMethodClosure(MetaClassImpl.java:1048)
	at groovy.lang.MetaClassImpl.invokeMethod(MetaClassImpl.java:1142)
	at groovy.lang.MetaClassImpl.invokeMethod(MetaClassImpl.java:1035)
	at groovy.lang.Closure.call(Closure.java:412)
	at io.restassured.internal.http.HTTPBuilder$RequestConfigDelegate.setBody(HTTPBuilder.java:1114)
	at io.restassured.internal.http.HTTPBuilder$RequestConfigDelegate.setPropertiesFromMap(HTTPBuilder.java:1026)
	at io.restassured.internal.http.HTTPBuilder.post(HTTPBuilder.java:345)
	at io.restassured.internal.http.HTTPBuilder$post$3.call(Unknown Source)
	at io.restassured.internal.RequestSpecificationImpl.sendRequest(RequestSpecificationImpl.groovy:1183)
	at sun.reflect.NativeMethodAccessorImpl.invoke0(Native Method)
	at sun.reflect.NativeMethodAccessorImpl.invoke(NativeMethodAccessorImpl.java:62)
	at sun.reflect.DelegatingMethodAccessorImpl.invoke(DelegatingMethodAccessorImpl.java:43)
	at java.lang.reflect.Method.invoke(Method.java:498)
	at org.codehaus.groovy.reflection.CachedMethod.invoke(CachedMethod.java:107)
	at groovy.lang.MetaMethod.doMethodInvoke(MetaMethod.java:323)
	at groovy.lang.MetaClassImpl.invokeMethod(MetaClassImpl.java:1268)
	at groovy.lang.MetaClassImpl.invokeMethod(MetaClassImpl.java:1035)
	at groovy.lang.MetaClassImpl.invokeMethod(MetaClassImpl.java:819)
	at groovy.lang.GroovyObject.invokeMethod(GroovyObject.java:39)
	at org.codehaus.groovy.runtime.callsite.PogoInterceptableSite.call(PogoInterceptableSite.java:45)
	at org.codehaus.groovy.runtime.callsite.AbstractCallSite.call(AbstractCallSite.java:166)
	at io.restassured.internal.filter.SendRequestFilter.filter(SendRequestFilter.groovy:30)
	at io.restassured.filter.Filter$filter$0.call(Unknown Source)
	at org.codehaus.groovy.runtime.callsite.CallSiteArray.defaultCall(CallSiteArray.java:47)
	at io.restassured.filter.Filter$filter.call(Unknown Source)
	at io.restassured.internal.filter.FilterContextImpl.next(FilterContextImpl.groovy:72)
	at io.restassured.filter.time.TimingFilter.filter(TimingFilter.java:56)
	at io.restassured.filter.Filter$filter.call(Unknown Source)
	at org.codehaus.groovy.runtime.callsite.CallSiteArray.defaultCall(CallSiteArray.java:47)
	at io.restassured.filter.Filter$filter$0.call(Unknown Source)
	at io.restassured.internal.filter.FilterContextImpl.next(FilterContextImpl.groovy:72)
	at io.restassured.filter.FilterContext$next.call(Unknown Source)
	at io.restassured.internal.RequestSpecificationImpl.applyPathParamsAndSendRequest(RequestSpecificationImpl.groovy:1672)
	at sun.reflect.NativeMethodAccessorImpl.invoke0(Native Method)
	at sun.reflect.NativeMethodAccessorImpl.invoke(NativeMethodAccessorImpl.java:62)
	at sun.reflect.DelegatingMethodAccessorImpl.invoke(DelegatingMethodAccessorImpl.java:43)
	at java.lang.reflect.Method.invoke(Method.java:498)
	at org.codehaus.groovy.reflection.CachedMethod.invoke(CachedMethod.java:107)
	at groovy.lang.MetaMethod.doMethodInvoke(MetaMethod.java:323)
	at groovy.lang.MetaClassImpl.invokeMethod(MetaClassImpl.java:1268)
	at groovy.lang.MetaClassImpl.invokeMethod(MetaClassImpl.java:1035)
	at groovy.lang.MetaClassImpl.invokeMethod(MetaClassImpl.java:819)
	at groovy.lang.GroovyObject.invokeMethod(GroovyObject.java:39)
	at org.codehaus.groovy.runtime.callsite.PogoInterceptableSite.call(PogoInterceptableSite.java:45)
	at org.codehaus.groovy.runtime.callsite.PogoInterceptableSite.callCurrent(PogoInterceptableSite.java:55)
	at org.codehaus.groovy.runtime.callsite.AbstractCallSite.callCurrent(AbstractCallSite.java:203)
	at io.restassured.internal.RequestSpecificationImpl.applyPathParamsAndSendRequest(RequestSpecificationImpl.groovy:1678)
	at sun.reflect.NativeMethodAccessorImpl.invoke0(Native Method)
	at sun.reflect.NativeMethodAccessorImpl.invoke(NativeMethodAccessorImpl.java:62)
	at sun.reflect.DelegatingMethodAccessorImpl.invoke(DelegatingMethodAccessorImpl.java:43)
	at java.lang.reflect.Method.invoke(Method.java:498)
	at org.codehaus.groovy.reflection.CachedMethod.invoke(CachedMethod.java:107)
	at groovy.lang.MetaMethod.doMethodInvoke(MetaMethod.java:323)
	at groovy.lang.MetaClassImpl.invokeMethod(MetaClassImpl.java:1268)
	at groovy.lang.MetaClassImpl.invokeMethod(MetaClassImpl.java:1035)
	at groovy.lang.MetaClassImpl.invokeMethod(MetaClassImpl.java:819)
	at groovy.lang.GroovyObject.invokeMethod(GroovyObject.java:39)
	at org.codehaus.groovy.runtime.callsite.PogoInterceptableSite.call(PogoInterceptableSite.java:45)
	at org.codehaus.groovy.runtime.callsite.PogoInterceptableSite.callCurrent(PogoInterceptableSite.java:55)
	at org.codehaus.groovy.runtime.callsite.AbstractCallSite.callCurrent(AbstractCallSite.java:203)
	at io.restassured.internal.RequestSpecificationImpl.post(RequestSpecificationImpl.groovy:177)
	at io.restassured.internal.RequestSpecificationImpl.post(RequestSpecificationImpl.groovy)
	at TestAPIS2.testSendFile(TestAPIS2.java:80)
	at sun.reflect.NativeMethodAccessorImpl.invoke0(Native Method)
	at sun.reflect.NativeMethodAccessorImpl.invoke(NativeMethodAccessorImpl.java:62)
	at sun.reflect.DelegatingMethodAccessorImpl.invoke(DelegatingMethodAccessorImpl.java:43)
	at java.lang.reflect.Method.invoke(Method.java:498)
	at org.testng.internal.MethodInvocationHelper.invokeMethod(MethodInvocationHelper.java:124)
	at org.testng.internal.Invoker.invokeMethod(Invoker.java:583)
	at org.testng.internal.Invoker.invokeTestMethod(Invoker.java:719)
	at org.testng.internal.Invoker.invokeTestMethods(Invoker.java:989)
	at org.testng.internal.TestMethodWorker.invokeTestMethods(TestMethodWorker.java:125)
	at org.testng.internal.TestMethodWorker.run(TestMethodWorker.java:109)
	at java.util.concurrent.ThreadPoolExecutor.runWorker(ThreadPoolExecutor.java:1149)
	at java.util.concurrent.ThreadPoolExecutor$Worker.run(ThreadPoolExecutor.java:624)
	at java.lang.Thread.run(Thread.java:748)
]]></failure>
  </testcase>
  <testcase name="testLogin" classname="TestAPIS2" time="0.217"/>
  <testcase name="testPOJO[name1, job1](1)" classname="TestAPIS2" time="0.467">
    <system-out><![CDATA[{
    "name": "name1",
    "job": "job1",
    "id": "966",
    "createdAt": "2023-03-11T16:30:43.825Z"
}
]]></system-out>
  </testcase>
  <testcase name="testPOJO[name2, job2](2)" classname="TestAPIS2" time="0.202">
    <system-out><![CDATA[{
    "name": "name2",
    "job": "job2",
    "id": "95",
    "createdAt": "2023-03-11T16:30:44.764Z"
}
]]></system-out>
  </testcase>
  <testcase name="testPOJO[name3, job3](3)" classname="TestAPIS2" time="0.378">
    <system-out><![CDATA[{
    "page": 1,
    "per_page": 6,
    "total": 12,
    "total_pages": 2,
    "data": [
        {
            "id": 1,
            "email": "george.bluth@reqres.in",
            "first_name": "George",
            "last_name": "Bluth",
            "avatar": "https://reqres.in/img/faces/1-image.jpg"
        },
        {
            "id": 2,
            "email": "janet.weaver@reqres.in",
            "first_name": "Janet",
            "last_name": "Weaver",
            "avatar": "https://reqres.in/img/faces/2-image.jpg"
        },
        {
            "id": 3,
            "email": "emma.wong@reqres.in",
            "first_name": "Emma",
            "last_name": "Wong",
            "avatar": "https://reqres.in/img/faces/3-image.jpg"
        },
        {
            "id": 4,
            "email": "eve.holt@reqres.in",
            "first_name": "Eve",
            "last_name": "Holt",
            "avatar": "https://reqres.in/img/faces/4-image.jpg"
        },
        {
            "id": 5,
            "email": "charles.morris@reqres.in",
            "first_name": "Charles",
            "last_name": "Morris",
            "avatar": "https://reqres.in/img/faces/5-image.jpg"
        },
        {
            "id": 6,
            "email": "tracey.ramos@reqres.in",
            "first_name": "Tracey",
            "last_name": "Ramos",
            "avatar": "https://reqres.in/img/faces/6-image.jpg"
        }
    ],
    "support": {
        "url": "https://reqres.in/#support-heading",
        "text": "To keep ReqRes free, contributions towards server costs are appreciated!"
    }
}
{
    "name": "name3",
    "job": "job3",
    "id": "365",
    "createdAt": "2023-03-11T16:30:46.526Z"
}
]]></system-out>
  </testcase>
  <testcase name="testPOJO[name4, job4](4)" classname="TestAPIS2" time="0.508">
    <system-out><![CDATA[{
    "name": "name4",
    "job": "job4",
    "id": "317",
    "createdAt": "2023-03-11T16:30:47.077Z"
}
]]></system-out>
  </testcase>
  <testcase name="TestDeSerialization" classname="TestAPIsAdvanced" time="0.02"/>
  <testcase name="TestSendFile" classname="TestAPIsAdvanced" time="0.021">
    <failure message="C:\Users\MK SOLUTION\IdeaProjects\seleniumnewproject\resources\request1.json (The system cannot find the file specified)" type="java.io.FileNotFoundException"><![CDATA[java.io.FileNotFoundException: C:\Users\MK SOLUTION\IdeaProjects\seleniumnewproject\resources\request1.json (The system cannot find the file specified)
	at java.io.FileInputStream.open0(Native Method)
	at java.io.FileInputStream.open(FileInputStream.java:195)
	at java.io.FileInputStream.<init>(FileInputStream.java:138)
	at org.codehaus.groovy.runtime.ResourceGroovyMethods.newReader(ResourceGroovyMethods.java:1797)
	at org.codehaus.groovy.runtime.ResourceGroovyMethods.getText(ResourceGroovyMethods.java:579)
	at org.codehaus.groovy.runtime.dgm$1070.invoke(Unknown Source)
	at org.codehaus.groovy.runtime.callsite.PojoMetaMethodSite$PojoMetaMethodSiteNoUnwrapNoCoerce.invoke(PojoMetaMethodSite.java:247)
	at org.codehaus.groovy.runtime.callsite.PojoMetaMethodSite.call(PojoMetaMethodSite.java:56)
	at org.codehaus.groovy.runtime.callsite.AbstractCallSite.call(AbstractCallSite.java:139)
	at io.restassured.internal.support.FileReader.readToString(FileReader.groovy:23)
	at io.restassured.internal.http.EncoderRegistry.toString(EncoderRegistry.java:461)
	at io.restassured.internal.http.EncoderRegistry.encodeText(EncoderRegistry.java:171)
	at sun.reflect.NativeMethodAccessorImpl.invoke0(Native Method)
	at sun.reflect.NativeMethodAccessorImpl.invoke(NativeMethodAccessorImpl.java:62)
	at sun.reflect.DelegatingMethodAccessorImpl.invoke(DelegatingMethodAccessorImpl.java:43)
	at java.lang.reflect.Method.invoke(Method.java:498)
	at org.codehaus.groovy.reflection.CachedMethod.invoke(CachedMethod.java:107)
	at groovy.lang.MetaMethod.doMethodInvoke(MetaMethod.java:323)
	at groovy.lang.MetaClassImpl.invokeMethod(MetaClassImpl.java:1268)
	at groovy.lang.MetaClassImpl.invokeMethodClosure(MetaClassImpl.java:1048)
	at groovy.lang.MetaClassImpl.invokeMethod(MetaClassImpl.java:1142)
	at groovy.lang.MetaClassImpl.invokeMethod(MetaClassImpl.java:1035)
	at groovy.lang.Closure.call(Closure.java:412)
	at io.restassured.internal.http.HTTPBuilder$RequestConfigDelegate.setBody(HTTPBuilder.java:1114)
	at io.restassured.internal.http.HTTPBuilder$RequestConfigDelegate.setPropertiesFromMap(HTTPBuilder.java:1026)
	at io.restassured.internal.http.HTTPBuilder.post(HTTPBuilder.java:345)
	at io.restassured.internal.http.HTTPBuilder$post$3.call(Unknown Source)
	at io.restassured.internal.RequestSpecificationImpl.sendRequest(RequestSpecificationImpl.groovy:1183)
	at sun.reflect.NativeMethodAccessorImpl.invoke0(Native Method)
	at sun.reflect.NativeMethodAccessorImpl.invoke(NativeMethodAccessorImpl.java:62)
	at sun.reflect.DelegatingMethodAccessorImpl.invoke(DelegatingMethodAccessorImpl.java:43)
	at java.lang.reflect.Method.invoke(Method.java:498)
	at org.codehaus.groovy.reflection.CachedMethod.invoke(CachedMethod.java:107)
	at groovy.lang.MetaMethod.doMethodInvoke(MetaMethod.java:323)
	at groovy.lang.MetaClassImpl.invokeMethod(MetaClassImpl.java:1268)
	at groovy.lang.MetaClassImpl.invokeMethod(MetaClassImpl.java:1035)
	at groovy.lang.MetaClassImpl.invokeMethod(MetaClassImpl.java:819)
	at groovy.lang.GroovyObject.invokeMethod(GroovyObject.java:39)
	at org.codehaus.groovy.runtime.callsite.PogoInterceptableSite.call(PogoInterceptableSite.java:45)
	at org.codehaus.groovy.runtime.callsite.AbstractCallSite.call(AbstractCallSite.java:166)
	at io.restassured.internal.filter.SendRequestFilter.filter(SendRequestFilter.groovy:30)
	at io.restassured.filter.Filter$filter$0.call(Unknown Source)
	at org.codehaus.groovy.runtime.callsite.CallSiteArray.defaultCall(CallSiteArray.java:47)
	at io.restassured.filter.Filter$filter.call(Unknown Source)
	at io.restassured.internal.filter.FilterContextImpl.next(FilterContextImpl.groovy:72)
	at io.restassured.filter.time.TimingFilter.filter(TimingFilter.java:56)
	at io.restassured.filter.Filter$filter.call(Unknown Source)
	at org.codehaus.groovy.runtime.callsite.CallSiteArray.defaultCall(CallSiteArray.java:47)
	at io.restassured.filter.Filter$filter$0.call(Unknown Source)
	at io.restassured.internal.filter.FilterContextImpl.next(FilterContextImpl.groovy:72)
	at io.restassured.filter.FilterContext$next.call(Unknown Source)
	at io.restassured.internal.RequestSpecificationImpl.applyPathParamsAndSendRequest(RequestSpecificationImpl.groovy:1672)
	at sun.reflect.NativeMethodAccessorImpl.invoke0(Native Method)
	at sun.reflect.NativeMethodAccessorImpl.invoke(NativeMethodAccessorImpl.java:62)
	at sun.reflect.DelegatingMethodAccessorImpl.invoke(DelegatingMethodAccessorImpl.java:43)
	at java.lang.reflect.Method.invoke(Method.java:498)
	at org.codehaus.groovy.reflection.CachedMethod.invoke(CachedMethod.java:107)
	at groovy.lang.MetaMethod.doMethodInvoke(MetaMethod.java:323)
	at groovy.lang.MetaClassImpl.invokeMethod(MetaClassImpl.java:1268)
	at groovy.lang.MetaClassImpl.invokeMethod(MetaClassImpl.java:1035)
	at groovy.lang.MetaClassImpl.invokeMethod(MetaClassImpl.java:819)
	at groovy.lang.GroovyObject.invokeMethod(GroovyObject.java:39)
	at org.codehaus.groovy.runtime.callsite.PogoInterceptableSite.call(PogoInterceptableSite.java:45)
	at org.codehaus.groovy.runtime.callsite.PogoInterceptableSite.callCurrent(PogoInterceptableSite.java:55)
	at org.codehaus.groovy.runtime.callsite.AbstractCallSite.callCurrent(AbstractCallSite.java:203)
	at io.restassured.internal.RequestSpecificationImpl.applyPathParamsAndSendRequest(RequestSpecificationImpl.groovy:1678)
	at sun.reflect.NativeMethodAccessorImpl.invoke0(Native Method)
	at sun.reflect.NativeMethodAccessorImpl.invoke(NativeMethodAccessorImpl.java:62)
	at sun.reflect.DelegatingMethodAccessorImpl.invoke(DelegatingMethodAccessorImpl.java:43)
	at java.lang.reflect.Method.invoke(Method.java:498)
	at org.codehaus.groovy.reflection.CachedMethod.invoke(CachedMethod.java:107)
	at groovy.lang.MetaMethod.doMethodInvoke(MetaMethod.java:323)
	at groovy.lang.MetaClassImpl.invokeMethod(MetaClassImpl.java:1268)
	at groovy.lang.MetaClassImpl.invokeMethod(MetaClassImpl.java:1035)
	at groovy.lang.MetaClassImpl.invokeMethod(MetaClassImpl.java:819)
	at groovy.lang.GroovyObject.invokeMethod(GroovyObject.java:39)
	at org.codehaus.groovy.runtime.callsite.PogoInterceptableSite.call(PogoInterceptableSite.java:45)
	at org.codehaus.groovy.runtime.callsite.PogoInterceptableSite.callCurrent(PogoInterceptableSite.java:55)
	at org.codehaus.groovy.runtime.callsite.AbstractCallSite.callCurrent(AbstractCallSite.java:203)
	at io.restassured.internal.RequestSpecificationImpl.post(RequestSpecificationImpl.groovy:177)
	at io.restassured.internal.RequestSpecificationImpl.post(RequestSpecificationImpl.groovy)
	at TestAPIsAdvanced.TestSendFile(TestAPIsAdvanced.java:20)
	at sun.reflect.NativeMethodAccessorImpl.invoke0(Native Method)
	at sun.reflect.NativeMethodAccessorImpl.invoke(NativeMethodAccessorImpl.java:62)
	at sun.reflect.DelegatingMethodAccessorImpl.invoke(DelegatingMethodAccessorImpl.java:43)
	at java.lang.reflect.Method.invoke(Method.java:498)
	at org.testng.internal.MethodInvocationHelper.invokeMethod(MethodInvocationHelper.java:124)
	at org.testng.internal.Invoker.invokeMethod(Invoker.java:583)
	at org.testng.internal.Invoker.invokeTestMethod(Invoker.java:719)
	at org.testng.internal.Invoker.invokeTestMethods(Invoker.java:989)
	at org.testng.internal.TestMethodWorker.invokeTestMethods(TestMethodWorker.java:125)
	at org.testng.internal.TestMethodWorker.run(TestMethodWorker.java:109)
	at java.util.concurrent.ThreadPoolExecutor.runWorker(ThreadPoolExecutor.java:1149)
	at java.util.concurrent.ThreadPoolExecutor$Worker.run(ThreadPoolExecutor.java:624)
	at java.lang.Thread.run(Thread.java:748)
]]></failure>
  </testcase>
  <testcase name="TestCreateUserWithSerialization[name1, job1](1)" classname="TestAPIsAdvanced" time="0.3">
    <system-out><![CDATA[{
    "name": "name1",
    "job": "job1",
    "id": "752",
    "createdAt": "2023-03-11T16:30:44.146Z"
}
]]></system-out>
  </testcase>
  <testcase name="TestCreateUserWithSerialization[name2, job2](2)" classname="TestAPIsAdvanced" time="0.499">
    <system-out><![CDATA[{
    "page": 2,
    "per_page": 6,
    "total": 12,
    "total_pages": 2,
    "data": [
        {
            "id": 7,
            "email": "michael.lawson@reqres.in",
            "first_name": "Michael",
            "last_name": "Lawson",
            "avatar": "https://reqres.in/img/faces/7-image.jpg"
        },
        {
            "id": 8,
            "email": "lindsay.ferguson@reqres.in",
            "first_name": "Lindsay",
            "last_name": "Ferguson",
            "avatar": "https://reqres.in/img/faces/8-image.jpg"
        },
        {
            "id": 9,
            "email": "tobias.funke@reqres.in",
            "first_name": "Tobias",
            "last_name": "Funke",
            "avatar": "https://reqres.in/img/faces/9-image.jpg"
        },
        {
            "id": 10,
            "email": "byron.fields@reqres.in",
            "first_name": "Byron",
            "last_name": "Fields",
            "avatar": "https://reqres.in/img/faces/10-image.jpg"
        },
        {
            "id": 11,
            "email": "george.edwards@reqres.in",
            "first_name": "George",
            "last_name": "Edwards",
            "avatar": "https://reqres.in/img/faces/11-image.jpg"
        },
        {
            "id": 12,
            "email": "rachel.howell@reqres.in",
            "first_name": "Rachel",
            "last_name": "Howell",
            "avatar": "https://reqres.in/img/faces/12-image.jpg"
        }
    ],
    "support": {
        "url": "https://reqres.in/#support-heading",
        "text": "To keep ReqRes free, contributions towards server costs are appreciated!"
    }
}
{
    "name": "name2",
    "job": "job2",
    "id": "772",
    "createdAt": "2023-03-11T16:30:44.914Z"
}
]]></system-out>
  </testcase>
  <testcase name="testGetUsersList" classname="TestAPIsAdvanced" time="0.022"/>
  <testcase name="TestCreateUserWithSerialization[name3, job3](3)" classname="TestAPIsAdvanced" time="0.243">
    <system-out><![CDATA[{
    "name": "name3",
    "job": "job3",
    "id": "830",
    "createdAt": "2023-03-11T16:30:45.402Z"
}
]]></system-out>
  </testcase>
  <testcase name="TestCreateUserWithSerialization[name4, job4](4)" classname="TestAPIsAdvanced" time="0.282">
    <system-out><![CDATA[{
    "name": "name4",
    "job": "job4",
    "id": "756",
    "createdAt": "2023-03-11T16:30:45.914Z"
}
]]></system-out>
  </testcase>
  <testcase name="pathParameters" classname="TestUsers" time="0.239">
    <system-out><![CDATA[{
    "id": 1,
    "userName": "User 1",
    "password": "Password1"
}
Content-Type=application/json; charset=utf-8; v=1.0
Date=Sat, 11 Mar 2023 16:30:45 GMT
Server=Kestrel
Transfer-Encoding=chunked
api-supported-versions=1.0
]]></system-out>
  </testcase>
  <testcase name="testCreateUser" classname="TestUsers" time="0.269">
    <failure message="expected [200] but found [201]" type="java.lang.AssertionError"><![CDATA[java.lang.AssertionError: expected [200] but found [201]
	at org.testng.Assert.fail(Assert.java:96)
	at org.testng.Assert.failNotEquals(Assert.java:776)
	at org.testng.Assert.assertEqualsImpl(Assert.java:137)
	at org.testng.Assert.assertEquals(Assert.java:118)
	at org.testng.Assert.assertEquals(Assert.java:652)
	at org.testng.Assert.assertEquals(Assert.java:662)
	at TestUsers.testCreateUser(TestUsers.java:44)
	at sun.reflect.NativeMethodAccessorImpl.invoke0(Native Method)
	at sun.reflect.NativeMethodAccessorImpl.invoke(NativeMethodAccessorImpl.java:62)
	at sun.reflect.DelegatingMethodAccessorImpl.invoke(DelegatingMethodAccessorImpl.java:43)
	at java.lang.reflect.Method.invoke(Method.java:498)
	at org.testng.internal.MethodInvocationHelper.invokeMethod(MethodInvocationHelper.java:124)
	at org.testng.internal.Invoker.invokeMethod(Invoker.java:583)
	at org.testng.internal.Invoker.invokeTestMethod(Invoker.java:719)
	at org.testng.internal.Invoker.invokeTestMethods(Invoker.java:989)
	at org.testng.internal.TestMethodWorker.invokeTestMethods(TestMethodWorker.java:125)
	at org.testng.internal.TestMethodWorker.run(TestMethodWorker.java:109)
	at java.util.concurrent.ThreadPoolExecutor.runWorker(ThreadPoolExecutor.java:1149)
	at java.util.concurrent.ThreadPoolExecutor$Worker.run(ThreadPoolExecutor.java:624)
	at java.lang.Thread.run(Thread.java:748)
]]></failure>
    <system-out><![CDATA[{
    "name": "morpheus",
    "job": "leader",
    "id": "530",
    "createdAt": "2023-03-11T16:30:46.167Z"
}
]]></system-out>
  </testcase>
  <testcase name="testGetListUsers" classname="TestUsers" time="0.018"/>
</testsuite>